SunOS

 Poly No.      Moments     (the Legender poloynomials evaluated on the samples, averaged)
    1        0.21197197
    2       -0.13591379
    3       -0.11228776
    4       -0.06306921
    5        0.00044416
    6        0.01777936
    7        0.00579253
    8        0.01998859
    9        0.00590061
   10       -0.00553347
   11       -0.00982338
   12        0.01162350
   13        0.00344627
   14        0.00391645
   15       -0.00762037
 
Phase       Annl Parm   <Likelihood> <StdDevLike>   0   1   2   3   4   5   6   7   8   9  10  11  12  13  14  15
Annealing    10E-05     -4.1255E+03   3.2805E+03   35  11   4   0   0   0   0   0   0   0   0   0   0   0   0   0
     2       40E-05     -2.7449E+03   5.4980E+02   44   5   1   0   0   0   0   0   0   0   0   0   0   0   0   0
     3        0.002     -2.6122E+03   1.4354E+02   46   4   0   0   0   0   0   0   0   0   0   0   0   0   0   0
     4        0.007     -2.5867E+03   6.0960E+01   45   3   2   0   0   0   0   0   0   0   0   0   0   0   0   0
     5        0.016     -2.5793E+03   9.5491E+00   46   3   1   0   0   0   0   0   0   0   0   0   0   0   0   0
     6        0.033     -2.5757E+03   1.4321E+01   42   7   1   0   0   0   0   0   0   0   0   0   0   0   0   0
     7        0.049     -2.5685E+03   2.4373E+01   34  12   3   1   0   0   0   0   0   0   0   0   0   0   0   0
     8        0.062     -2.5632E+03   2.8495E+01   29  15   4   2   0   0   0   0   0   0   0   0   0   0   0   0
     9        0.075     -2.5544E+03   3.4344E+01   27  12   8   3   0   0   0   0   0   0   0   0   0   0   0   0
    10        0.087     -2.5441E+03   4.0080E+01   21  12  13   4   0   0   0   0   0   0   0   0   0   0   0   0
 
Phase       Annl Parm   <Likelihood> <StdDevLike>   0   1   2   3   4   5   6   7   8   9  10  11  12  13  14  15
Annealing     0.098     -2.5306E+03   3.8962E+01   13  15  16   6   0   0   0   0   0   0   0   0   0   0   0   0
    12        0.109     -2.5184E+03   3.7394E+01    9  12  20   8   1   0   0   0   0   0   0   0   0   0   0   0
    13        0.120     -2.5072E+03   2.9318E+01    3  12  24   9   2   0   0   0   0   0   0   0   0   0   0   0
    14        0.133     -2.4977E+03   2.1991E+01    0  10  29   9   2   0   0   0   0   0   0   0   0   0   0   0
    15        0.147     -2.4913E+03   1.8947E+01    0   5  33  10   2   0   0   0   0   0   0   0   0   0   0   0
    16        0.161     -2.4869E+03   7.8106E+00    0   0  37  11   2   0   0   0   0   0   0   0   0   0   0   0
    17        0.179     -2.4864E+03   7.4547E+00    0   0  37  11   2   0   0   0   0   0   0   0   0   0   0   0
    18        0.196     -2.4856E+03   8.7364E+00    0   0  34  14   2   0   0   0   0   0   0   0   0   0   0   0
    19        0.213     -2.4854E+03   6.9831E+00    0   0  33  15   2   0   0   0   0   0   0   0   0   0   0   0
    20        0.231     -2.4830E+03   6.2175E+00    0   0  33  15   2   0   0   0   0   0   0   0   0   0   0   0
 
Phase       Annl Parm   <Likelihood> <StdDevLike>   0   1   2   3   4   5   6   7   8   9  10  11  12  13  14  15
Annealing     0.248     -2.4816E+03   6.2300E+00    0   0  30  18   2   0   0   0   0   0   0   0   0   0   0   0
    22        0.266     -2.4815E+03   7.8221E+00    0   0  25  23   2   0   0   0   0   0   0   0   0   0   0   0
    23        0.284     -2.4796E+03   7.3220E+00    0   0  23  25   2   0   0   0   0   0   0   0   0   0   0   0
    24        0.301     -2.4800E+03   8.6383E+00    0   0  18  30   2   0   0   0   0   0   0   0   0   0   0   0
    25        0.318     -2.4770E+03   6.9648E+00    0   0  13  35   2   0   0   0   0   0   0   0   0   0   0   0
    26        0.336     -2.4768E+03   6.1466E+00    0   0  11  37   2   0   0   0   0   0   0   0   0   0   0   0
    27        0.353     -2.4765E+03   5.3748E+00    0   0   9  39   2   0   0   0   0   0   0   0   0   0   0   0
    28        0.371     -2.4764E+03   6.2814E+00    0   0   8  40   2   0   0   0   0   0   0   0   0   0   0   0
    29        0.389     -2.4745E+03   5.0699E+00    0   0   6  41   3   0   0   0   0   0   0   0   0   0   0   0
    30        0.407     -2.4748E+03   5.6578E+00    0   0   2  45   3   0   0   0   0   0   0   0   0   0   0   0
 
Phase       Annl Parm   <Likelihood> <StdDevLike>   0   1   2   3   4   5   6   7   8   9  10  11  12  13  14  15
Annealing     0.425     -2.4726E+03   5.7558E+00    0   0   1  44   5   0   0   0   0   0   0   0   0   0   0   0
    32        0.443     -2.4726E+03   6.5954E+00    0   0   2  41   7   0   0   0   0   0   0   0   0   0   0   0
    33        0.461     -2.4706E+03   6.2828E+00    0   0   0  40  10   0   0   0   0   0   0   0   0   0   0   0
    34        0.479     -2.4701E+03   6.8249E+00    0   0   0  36  14   0   0   0   0   0   0   0   0   0   0   0
    35        0.496     -2.4678E+03   7.0205E+00    0   0   0  31  19   0   0   0   0   0   0   0   0   0   0   0
    36        0.514     -2.4671E+03   7.8161E+00    0   0   0  26  24   0   0   0   0   0   0   0   0   0   0   0
    37        0.531     -2.4652E+03   7.1378E+00    0   0   0  21  29   0   0   0   0   0   0   0   0   0   0   0
    38        0.549     -2.4632E+03   7.1923E+00    0   0   0  16  34   0   0   0   0   0   0   0   0   0   0   0
    39        0.566     -2.4617E+03   6.2596E+00    0   0   0  11  39   0   0   0   0   0   0   0   0   0   0   0
    40        0.584     -2.4598E+03   5.0364E+00    0   0   0   6  44   0   0   0   0   0   0   0   0   0   0   0
 
Phase       Annl Parm   <Likelihood> <StdDevLike>   0   1   2   3   4   5   6   7   8   9  10  11  12  13  14  15
Annealing     0.602     -2.4588E+03   3.5057E+00    0   0   0   2  48   0   0   0   0   0   0   0   0   0   0   0
    42        0.621     -2.4593E+03   2.3944E+00    0   0   0   0  50   0   0   0   0   0   0   0   0   0   0   0
    43        0.640     -2.4582E+03   2.1379E+00    0   0   0   0  50   0   0   0   0   0   0   0   0   0   0   0
    44        0.659     -2.4583E+03   2.0147E+00    0   0   0   0  50   0   0   0   0   0   0   0   0   0   0   0
    45        0.678     -2.4578E+03   1.9640E+00    0   0   0   0  50   0   0   0   0   0   0   0   0   0   0   0
    46        0.698     -2.4578E+03   1.7659E+00    0   0   0   0  50   0   0   0   0   0   0   0   0   0   0   0
    47        0.717     -2.4581E+03   1.8704E+00    0   0   0   0  50   0   0   0   0   0   0   0   0   0   0   0
    48        0.736     -2.4577E+03   1.7443E+00    0   0   0   0  50   0   0   0   0   0   0   0   0   0   0   0
    49        0.755     -2.4574E+03   1.3333E+00    0   0   0   0  50   0   0   0   0   0   0   0   0   0   0   0
    50        0.775     -2.4578E+03   1.3006E+00    0   0   0   0  50   0   0   0   0   0   0   0   0   0   0   0
 
Phase       Annl Parm   <Likelihood> <StdDevLike>   0   1   2   3   4   5   6   7   8   9  10  11  12  13  14  15
Annealing     0.794     -2.4575E+03   1.6287E+00    0   0   0   0  50   0   0   0   0   0   0   0   0   0   0   0
    52        0.814     -2.4571E+03   1.1613E+00    0   0   0   0  50   0   0   0   0   0   0   0   0   0   0   0
    53        0.833     -2.4577E+03   1.6798E+00    0   0   0   0  50   0   0   0   0   0   0   0   0   0   0   0
    54        0.853     -2.4575E+03   1.6459E+00    0   0   0   0  50   0   0   0   0   0   0   0   0   0   0   0
    55        0.872     -2.4572E+03   1.3686E+00    0   0   0   0  50   0   0   0   0   0   0   0   0   0   0   0
    56        0.892     -2.4574E+03   1.2007E+00    0   0   0   0  50   0   0   0   0   0   0   0   0   0   0   0
    57        0.911     -2.4573E+03   1.6509E+00    0   0   0   0  50   0   0   0   0   0   0   0   0   0   0   0
    58        0.930     -2.4574E+03   1.5307E+00    0   0   0   0  50   0   0   0   0   0   0   0   0   0   0   0
    59        0.950     -2.4568E+03   1.4380E+00    0   0   0   0  50   0   0   0   0   0   0   0   0   0   0   0
    60        0.969     -2.4573E+03   1.1761E+00    0   0   0   0  50   0   0   0   0   0   0   0   0   0   0   0
 
Phase       Annl Parm   <Likelihood> <StdDevLike>   0   1   2   3   4   5   6   7   8   9  10  11  12  13  14  15
Annealing     0.989     -2.4575E+03   1.5189E+00    0   0   0   0  50   0   0   0   0   0   0   0   0   0   0   0
    62        1.000     -2.4570E+03   1.0975E+00    0   0   0   0  50   0   0   0   0   0   0   0   0   0   0   0
 
 Order Coef    Multiplier      Std. Dev.    No Of Sims
   4     1    8.112123E-01     1.1132E-01       50
   4     2   -1.219300E+00     1.3922E-01       50
   4     3   -4.024965E-01     1.3599E-01       50
   4     4   -9.198157E-01     1.6458E-01       50

Gathering Samples for 4 Multipliers
 
Phase          Frac     <Likelihood> <StdDevLike>   0   1   2   3   4   5   6   7   8   9  10  11  12  13  14  15
Sampling      0.000     -2.4569E+03   9.7955E-01    0   0   0   0  50   0   0   0   0   0   0   0   0   0   0   0
     2        0.020     -2.4572E+03   1.3931E+00    0   0   0   0  50   0   0   0   0   0   0   0   0   0   0   0
     3        0.041     -2.4570E+03   1.0172E+00    0   0   0   0  50   0   0   0   0   0   0   0   0   0   0   0
     4        0.061     -2.4572E+03   1.4920E+00    0   0   0   0  50   0   0   0   0   0   0   0   0   0   0   0
     5        0.082     -2.4570E+03   1.3828E+00    0   0   0   0  50   0   0   0   0   0   0   0   0   0   0   0
     6        0.102     -2.4572E+03   1.5865E+00    0   0   0   0  50   0   0   0   0   0   0   0   0   0   0   0
     7        0.122     -2.4568E+03   1.3066E+00    0   0   0   0  50   0   0   0   0   0   0   0   0   0   0   0
     8        0.143     -2.4570E+03   1.1044E+00    0   0   0   0  50   0   0   0   0   0   0   0   0   0   0   0
     9        0.163     -2.4573E+03   1.3993E+00    0   0   0   0  50   0   0   0   0   0   0   0   0   0   0   0
    10        0.184     -2.4570E+03   1.1492E+00    0   0   0   0  50   0   0   0   0   0   0   0   0   0   0   0
 
Phase          Frac     <Likelihood> <StdDevLike>   0   1   2   3   4   5   6   7   8   9  10  11  12  13  14  15
Sampling      0.204     -2.4573E+03   1.6400E+00    0   0   0   0  50   0   0   0   0   0   0   0   0   0   0   0
    12        0.224     -2.4570E+03   1.6383E+00    0   0   0   0  50   0   0   0   0   0   0   0   0   0   0   0
    13        0.245     -2.4572E+03   1.6763E+00    0   0   0   0  50   0   0   0   0   0   0   0   0   0   0   0
    14        0.265     -2.4569E+03   1.3029E+00    0   0   0   0  50   0   0   0   0   0   0   0   0   0   0   0
    15        0.286     -2.4572E+03   1.2683E+00    0   0   0   0  50   0   0   0   0   0   0   0   0   0   0   0
    16        0.306     -2.4571E+03   1.1046E+00    0   0   0   0  50   0   0   0   0   0   0   0   0   0   0   0
    17        0.327     -2.4577E+03   1.8732E+00    0   0   0   0  50   0   0   0   0   0   0   0   0   0   0   0
    18        0.347     -2.4570E+03   1.1108E+00    0   0   0   0  50   0   0   0   0   0   0   0   0   0   0   0
    19        0.367     -2.4570E+03   1.1531E+00    0   0   0   0  50   0   0   0   0   0   0   0   0   0   0   0
    20        0.388     -2.4573E+03   1.5291E+00    0   0   0   0  50   0   0   0   0   0   0   0   0   0   0   0
 
Phase          Frac     <Likelihood> <StdDevLike>   0   1   2   3   4   5   6   7   8   9  10  11  12  13  14  15
Sampling      0.408     -2.4573E+03   1.3473E+00    0   0   0   0  50   0   0   0   0   0   0   0   0   0   0   0
    22        0.429     -2.4572E+03   1.0338E+00    0   0   0   0  50   0   0   0   0   0   0   0   0   0   0   0
    23        0.449     -2.4576E+03   1.8140E+00    0   0   0   0  50   0   0   0   0   0   0   0   0   0   0   0
    24        0.469     -2.4578E+03   1.8636E+00    0   0   0   0  50   0   0   0   0   0   0   0   0   0   0   0
    25        0.490     -2.4571E+03   1.2766E+00    0   0   0   0  50   0   0   0   0   0   0   0   0   0   0   0
    26        0.510     -2.4572E+03   1.1807E+00    0   0   0   0  50   0   0   0   0   0   0   0   0   0   0   0
    27        0.531     -2.4570E+03   1.2794E+00    0   0   0   0  50   0   0   0   0   0   0   0   0   0   0   0
    28        0.551     -2.4573E+03   1.7086E+00    0   0   0   0  50   0   0   0   0   0   0   0   0   0   0   0
    29        0.571     -2.4569E+03   1.3213E+00    0   0   0   0  50   0   0   0   0   0   0   0   0   0   0   0
    30        0.592     -2.4571E+03   1.4087E+00    0   0   0   0  50   0   0   0   0   0   0   0   0   0   0   0
 
Phase          Frac     <Likelihood> <StdDevLike>   0   1   2   3   4   5   6   7   8   9  10  11  12  13  14  15
Sampling      0.612     -2.4569E+03   1.1339E+00    0   0   0   0  50   0   0   0   0   0   0   0   0   0   0   0
    32        0.633     -2.4573E+03   1.5806E+00    0   0   0   0  50   0   0   0   0   0   0   0   0   0   0   0
    33        0.653     -2.4570E+03   1.3936E+00    0   0   0   0  50   0   0   0   0   0   0   0   0   0   0   0
    34        0.673     -2.4568E+03   1.1507E+00    0   0   0   0  50   0   0   0   0   0   0   0   0   0   0   0
    35        0.694     -2.4573E+03   1.0746E+00    0   0   0   0  50   0   0   0   0   0   0   0   0   0   0   0
    36        0.714     -2.4571E+03   1.2855E+00    0   0   0   0  50   0   0   0   0   0   0   0   0   0   0   0
    37        0.735     -2.4573E+03   1.6078E+00    0   0   0   0  50   0   0   0   0   0   0   0   0   0   0   0
    38        0.755     -2.4572E+03   1.5913E+00    0   0   0   0  50   0   0   0   0   0   0   0   0   0   0   0
    39        0.776     -2.4569E+03   1.1243E+00    0   0   0   0  50   0   0   0   0   0   0   0   0   0   0   0
    40        0.796     -2.4574E+03   1.5162E+00    0   0   0   0  50   0   0   0   0   0   0   0   0   0   0   0
 
Phase          Frac     <Likelihood> <StdDevLike>   0   1   2   3   4   5   6   7   8   9  10  11  12  13  14  15
Sampling      0.816     -2.4572E+03   1.3888E+00    0   0   0   0  50   0   0   0   0   0   0   0   0   0   0   0
    42        0.837     -2.4570E+03   1.4272E+00    0   0   0   0  50   0   0   0   0   0   0   0   0   0   0   0
    43        0.857     -2.4572E+03   1.2446E+00    0   0   0   0  50   0   0   0   0   0   0   0   0   0   0   0
    44        0.878     -2.4568E+03   1.2119E+00    0   0   0   0  50   0   0   0   0   0   0   0   0   0   0   0
    45        0.898     -2.4575E+03   1.8471E+00    0   0   0   0  50   0   0   0   0   0   0   0   0   0   0   0
    46        0.918     -2.4572E+03   1.6894E+00    0   0   0   0  50   0   0   0   0   0   0   0   0   0   0   0
    47        0.939     -2.4572E+03   1.5586E+00    0   0   0   0  50   0   0   0   0   0   0   0   0   0   0   0
    48        0.959     -2.4572E+03   1.3812E+00    0   0   0   0  50   0   0   0   0   0   0   0   0   0   0   0
    49        0.980     -2.4570E+03   1.4169E+00    0   0   0   0  50   0   0   0   0   0   0   0   0   0   0   0
    50        1.000     -2.4569E+03   9.7000E-01    0   0   0   0  50   0   0   0   0   0   0   0   0   0   0   0
