SunOS

 Poly No.      Moments     (the Legender poloynomials evaluated on the samples, averaged)
    1       -0.21836291
    2       -0.18457869
    3        0.15655727
    4       -0.04500684
    5       -0.04539758
    6        0.01535466
    7        0.02565361
    8        0.02934837
    9       -0.03889384
   10        0.03224187
   11        0.00371438
   12       -0.04456874
   13        0.02799264
   14        0.01927644
   15       -0.01465451
 
Phase       Annl Parm   <Likelihood> <StdDevLike>   0   1   2   3   4   5   6   7   8   9  10  11  12  13  14  15
Annealing    12E-05     -4.2128E+03   4.3787E+03   34  15   1   0   0   0   0   0   0   0   0   0   0   0   0   0
     2       34E-05     -2.7840E+03   6.8500E+02   44   4   1   1   0   0   0   0   0   0   0   0   0   0   0   0
     3        0.002     -2.5935E+03   7.1485E+01   46   3   1   0   0   0   0   0   0   0   0   0   0   0   0   0
     4        0.010     -2.5796E+03   1.4113E+01   45   4   1   0   0   0   0   0   0   0   0   0   0   0   0   0
     5        0.026     -2.5759E+03   2.4207E+01   39   9   2   0   0   0   0   0   0   0   0   0   0   0   0   0
     6        0.039     -2.5704E+03   3.4274E+01   40   7   3   0   0   0   0   0   0   0   0   0   0   0   0   0
     7        0.051     -2.5590E+03   4.4602E+01   34   9   7   0   0   0   0   0   0   0   0   0   0   0   0   0
     8        0.061     -2.5392E+03   5.4460E+01   27   7  15   1   0   0   0   0   0   0   0   0   0   0   0   0
     9        0.071     -2.5219E+03   6.0165E+01   20   9  19   1   0   0   0   1   0   0   0   0   0   0   0   0
    10        0.080     -2.4956E+03   6.0338E+01   12   9  26   1   1   0   0   1   0   0   0   0   0   0   0   0
 
Phase       Annl Parm   <Likelihood> <StdDevLike>   0   1   2   3   4   5   6   7   8   9  10  11  12  13  14  15
Annealing     0.089     -2.4804E+03   5.3841E+01    7   8  32   1   1   0   0   1   0   0   0   0   0   0   0   0
    12        0.099     -2.4642E+03   4.0114E+01    2   7  38   1   1   0   0   1   0   0   0   0   0   0   0   0
    13        0.110     -2.4516E+03   2.8490E+01    0   4  43   1   1   0   0   1   0   0   0   0   0   0   0   0
    14        0.123     -2.4417E+03   1.0664E+01    0   0  47   1   1   0   0   1   0   0   0   0   0   0   0   0
    15        0.139     -2.4413E+03   1.0257E+01    0   0  47   1   1   0   0   1   0   0   0   0   0   0   0   0
    16        0.156     -2.4435E+03   1.2758E+01    0   0  47   2   0   0   0   1   0   0   0   0   0   0   0   0
    17        0.172     -2.4400E+03   9.0817E+00    0   0  45   4   0   0   0   1   0   0   0   0   0   0   0   0
    18        0.189     -2.4376E+03   1.0572E+01    0   0  43   6   0   0   0   1   0   0   0   0   0   0   0   0
    19        0.205     -2.4374E+03   1.2964E+01    0   0  41   8   0   0   0   1   0   0   0   0   0   0   0   0
    20        0.221     -2.4335E+03   1.2808E+01    0   0  37  12   0   0   0   1   0   0   0   0   0   0   0   0
 
Phase       Annl Parm   <Likelihood> <StdDevLike>   0   1   2   3   4   5   6   7   8   9  10  11  12  13  14  15
Annealing     0.237     -2.4310E+03   1.4567E+01    0   0  33  15   0   0   0   2   0   0   0   0   0   0   0   0
    22        0.252     -2.4273E+03   1.5238E+01    0   0  28  19   0   0   0   3   0   0   0   0   0   0   0   0
    23        0.268     -2.4243E+03   1.5048E+01    0   0  23  23   0   0   0   4   0   0   0   0   0   0   0   0
    24        0.283     -2.4229E+03   1.4888E+01    0   0  20  27   0   0   0   3   0   0   0   0   0   0   0   0
    25        0.298     -2.4216E+03   1.3553E+01    0   0  15  32   0   0   0   3   0   0   0   0   0   0   0   0
    26        0.314     -2.4182E+03   1.1039E+01    0   0   9  38   0   0   0   3   0   0   0   0   0   0   0   0
    27        0.331     -2.4148E+03   1.0494E+01    0   0   4  43   0   0   0   3   0   0   0   0   0   0   0   0
    28        0.347     -2.4122E+03   6.7340E+00    0   0   0  47   0   0   0   3   0   0   0   0   0   0   0   0
    29        0.365     -2.4122E+03   7.4218E+00    0   0   0  46   0   0   0   4   0   0   0   0   0   0   0   0
    30        0.382     -2.4121E+03   8.0004E+00    0   0   0  46   0   0   0   4   0   0   0   0   0   0   0   0
 
Phase       Annl Parm   <Likelihood> <StdDevLike>   0   1   2   3   4   5   6   7   8   9  10  11  12  13  14  15
Annealing     0.399     -2.4111E+03   8.0172E+00    0   0   0  45   0   0   0   5   0   0   0   0   0   0   0   0
    32        0.417     -2.4091E+03   9.6224E+00    0   0   0  43   0   0   0   7   0   0   0   0   0   0   0   0
    33        0.433     -2.4072E+03   1.0815E+01    0   0   0  39   0   0   0  11   0   0   0   0   0   0   0   0
    34        0.450     -2.4048E+03   1.2555E+01    0   0   0  34   0   0   0  16   0   0   0   0   0   0   0   0
    35        0.466     -2.4038E+03   1.2996E+01    0   0   0  31   0   0   0  19   0   0   0   0   0   0   0   0
    36        0.482     -2.4007E+03   1.3811E+01    0   0   0  27   0   0   0  23   0   0   0   0   0   0   0   0
    37        0.497     -2.3981E+03   1.3882E+01    0   0   0  22   0   0   0  28   0   0   0   0   0   0   0   0
    38        0.513     -2.3954E+03   1.2883E+01    0   0   0  17   0   0   0  33   0   0   0   0   0   0   0   0
    39        0.529     -2.3923E+03   1.2481E+01    0   0   0  13   0   0   0  37   0   0   0   0   0   0   0   0
    40        0.545     -2.3904E+03   1.0324E+01    0   0   0   9   0   0   0  41   0   0   0   0   0   0   0   0
 
Phase       Annl Parm   <Likelihood> <StdDevLike>   0   1   2   3   4   5   6   7   8   9  10  11  12  13  14  15
Annealing     0.562     -2.3889E+03   8.1001E+00    0   0   0   5   0   0   0  45   0   0   0   0   0   0   0   0
    42        0.579     -2.3855E+03   5.8860E+00    0   0   0   2   0   0   0  48   0   0   0   0   0   0   0   0
    43        0.597     -2.3849E+03   3.0263E+00    0   0   0   0   0   0   0  50   0   0   0   0   0   0   0   0
    44        0.616     -2.3851E+03   3.3713E+00    0   0   0   0   0   0   0  50   0   0   0   0   0   0   0   0
    45        0.634     -2.3844E+03   2.4068E+00    0   0   0   0   0   0   0  50   0   0   0   0   0   0   0   0
    46        0.653     -2.3850E+03   2.6049E+00    0   0   0   0   0   0   0  50   0   0   0   0   0   0   0   0
    47        0.672     -2.3848E+03   3.1995E+00    0   0   0   0   0   0   0  50   0   0   0   0   0   0   0   0
    48        0.691     -2.3841E+03   2.5151E+00    0   0   0   0   0   0   0  50   0   0   0   0   0   0   0   0
    49        0.710     -2.3841E+03   2.1110E+00    0   0   0   0   0   0   0  50   0   0   0   0   0   0   0   0
    50        0.729     -2.3843E+03   2.6888E+00    0   0   0   0   0   0   0  50   0   0   0   0   0   0   0   0
 
Phase       Annl Parm   <Likelihood> <StdDevLike>   0   1   2   3   4   5   6   7   8   9  10  11  12  13  14  15
Annealing     0.748     -2.3842E+03   2.5403E+00    0   0   0   0   0   0   0  50   0   0   0   0   0   0   0   0
    52        0.767     -2.3836E+03   2.2910E+00    0   0   0   0   0   0   0  50   0   0   0   0   0   0   0   0
    53        0.786     -2.3840E+03   2.1405E+00    0   0   0   0   0   0   0  50   0   0   0   0   0   0   0   0
    54        0.806     -2.3837E+03   2.1294E+00    0   0   0   0   0   0   0  50   0   0   0   0   0   0   0   0
    55        0.825     -2.3838E+03   2.2219E+00    0   0   0   0   0   0   0  50   0   0   0   0   0   0   0   0
    56        0.844     -2.3836E+03   2.0254E+00    0   0   0   0   0   0   0  50   0   0   0   0   0   0   0   0
    57        0.863     -2.3831E+03   1.8522E+00    0   0   0   0   0   0   0  50   0   0   0   0   0   0   0   0
    58        0.883     -2.3831E+03   1.7179E+00    0   0   0   0   0   0   0  50   0   0   0   0   0   0   0   0
    59        0.902     -2.3827E+03   1.7048E+00    0   0   0   0   0   0   0  50   0   0   0   0   0   0   0   0
    60        0.921     -2.3831E+03   1.7728E+00    0   0   0   0   0   0   0  50   0   0   0   0   0   0   0   0
 
Phase       Annl Parm   <Likelihood> <StdDevLike>   0   1   2   3   4   5   6   7   8   9  10  11  12  13  14  15
Annealing     0.941     -2.3830E+03   1.9011E+00    0   0   0   0   0   0   0  50   0   0   0   0   0   0   0   0
    62        0.960     -2.3830E+03   1.7565E+00    0   0   0   0   0   0   0  50   0   0   0   0   0   0   0   0
    63        0.979     -2.3830E+03   1.9484E+00    0   0   0   0   0   0   0  50   0   0   0   0   0   0   0   0
    64        0.998     -2.3831E+03   1.7068E+00    0   0   0   0   0   0   0  50   0   0   0   0   0   0   0   0
    65        1.000     -2.3826E+03   1.7611E+00    0   0   0   0   0   0   0  50   0   0   0   0   0   0   0   0
 
 Order Coef    Multiplier      Std. Dev.    No Of Sims
   7     1   -4.459267E-01     1.9256E-01       50
   7     2   -2.469171E+00     3.0805E-01       50
   7     3    1.597284E+00     3.7667E-01       50
   7     4   -2.167937E+00     3.3502E-01       50
   7     5    5.973212E-01     3.7407E-01       50
   7     6   -1.041156E+00     2.4697E-01       50
   7     7    1.225179E+00     2.6829E-01       50

Gathering Samples for 7 Multipliers
 
Phase          Frac     <Likelihood> <StdDevLike>   0   1   2   3   4   5   6   7   8   9  10  11  12  13  14  15
Sampling      0.000     -2.3831E+03   1.9099E+00    0   0   0   0   0   0   0  50   0   0   0   0   0   0   0   0
     2        0.020     -2.3828E+03   1.6970E+00    0   0   0   0   0   0   0  50   0   0   0   0   0   0   0   0
     3        0.041     -2.3828E+03   1.6498E+00    0   0   0   0   0   0   0  50   0   0   0   0   0   0   0   0
     4        0.061     -2.3830E+03   1.9071E+00    0   0   0   0   0   0   0  50   0   0   0   0   0   0   0   0
     5        0.082     -2.3829E+03   2.0144E+00    0   0   0   0   0   0   0  50   0   0   0   0   0   0   0   0
     6        0.102     -2.3829E+03   1.6691E+00    0   0   0   0   0   0   0  50   0   0   0   0   0   0   0   0
     7        0.122     -2.3833E+03   1.9106E+00    0   0   0   0   0   0   0  50   0   0   0   0   0   0   0   0
     8        0.143     -2.3826E+03   1.5904E+00    0   0   0   0   0   0   0  50   0   0   0   0   0   0   0   0
     9        0.163     -2.3830E+03   1.8886E+00    0   0   0   0   0   0   0  50   0   0   0   0   0   0   0   0
    10        0.184     -2.3829E+03   1.5661E+00    0   0   0   0   0   0   0  50   0   0   0   0   0   0   0   0
 
Phase          Frac     <Likelihood> <StdDevLike>   0   1   2   3   4   5   6   7   8   9  10  11  12  13  14  15
Sampling      0.204     -2.3830E+03   1.6940E+00    0   0   0   0   0   0   0  50   0   0   0   0   0   0   0   0
    12        0.224     -2.3829E+03   1.9332E+00    0   0   0   0   0   0   0  50   0   0   0   0   0   0   0   0
    13        0.245     -2.3829E+03   1.8424E+00    0   0   0   0   0   0   0  50   0   0   0   0   0   0   0   0
    14        0.265     -2.3831E+03   2.3773E+00    0   0   0   0   0   0   0  50   0   0   0   0   0   0   0   0
    15        0.286     -2.3832E+03   2.0260E+00    0   0   0   0   0   0   0  50   0   0   0   0   0   0   0   0
    16        0.306     -2.3833E+03   1.8971E+00    0   0   0   0   0   0   0  50   0   0   0   0   0   0   0   0
    17        0.327     -2.3826E+03   1.6532E+00    0   0   0   0   0   0   0  50   0   0   0   0   0   0   0   0
    18        0.347     -2.3829E+03   1.6715E+00    0   0   0   0   0   0   0  50   0   0   0   0   0   0   0   0
    19        0.367     -2.3831E+03   2.3427E+00    0   0   0   0   0   0   0  50   0   0   0   0   0   0   0   0
    20        0.388     -2.3831E+03   1.8440E+00    0   0   0   0   0   0   0  50   0   0   0   0   0   0   0   0
 
Phase          Frac     <Likelihood> <StdDevLike>   0   1   2   3   4   5   6   7   8   9  10  11  12  13  14  15
Sampling      0.408     -2.3831E+03   2.0786E+00    0   0   0   0   0   0   0  50   0   0   0   0   0   0   0   0
    22        0.429     -2.3832E+03   1.5987E+00    0   0   0   0   0   0   0  50   0   0   0   0   0   0   0   0
    23        0.449     -2.3828E+03   2.0006E+00    0   0   0   0   0   0   0  50   0   0   0   0   0   0   0   0
    24        0.469     -2.3831E+03   2.0298E+00    0   0   0   0   0   0   0  50   0   0   0   0   0   0   0   0
    25        0.490     -2.3834E+03   1.6794E+00    0   0   0   0   0   0   0  50   0   0   0   0   0   0   0   0
    26        0.510     -2.3832E+03   2.0221E+00    0   0   0   0   0   0   0  50   0   0   0   0   0   0   0   0
    27        0.531     -2.3832E+03   2.2164E+00    0   0   0   0   0   0   0  50   0   0   0   0   0   0   0   0
    28        0.551     -2.3829E+03   1.7797E+00    0   0   0   0   0   0   0  50   0   0   0   0   0   0   0   0
    29        0.571     -2.3826E+03   1.6076E+00    0   0   0   0   0   0   0  50   0   0   0   0   0   0   0   0
    30        0.592     -2.3830E+03   2.0714E+00    0   0   0   0   0   0   0  50   0   0   0   0   0   0   0   0
 
Phase          Frac     <Likelihood> <StdDevLike>   0   1   2   3   4   5   6   7   8   9  10  11  12  13  14  15
Sampling      0.612     -2.3829E+03   1.8963E+00    0   0   0   0   0   0   0  50   0   0   0   0   0   0   0   0
    32        0.633     -2.3831E+03   1.9917E+00    0   0   0   0   0   0   0  50   0   0   0   0   0   0   0   0
    33        0.653     -2.3828E+03   1.5729E+00    0   0   0   0   0   0   0  50   0   0   0   0   0   0   0   0
    34        0.673     -2.3827E+03   1.7402E+00    0   0   0   0   0   0   0  50   0   0   0   0   0   0   0   0
    35        0.694     -2.3828E+03   1.5795E+00    0   0   0   0   0   0   0  50   0   0   0   0   0   0   0   0
    36        0.714     -2.3828E+03   1.4515E+00    0   0   0   0   0   0   0  50   0   0   0   0   0   0   0   0
    37        0.735     -2.3828E+03   1.5144E+00    0   0   0   0   0   0   0  50   0   0   0   0   0   0   0   0
    38        0.755     -2.3834E+03   1.9340E+00    0   0   0   0   0   0   0  50   0   0   0   0   0   0   0   0
    39        0.776     -2.3831E+03   1.9410E+00    0   0   0   0   0   0   0  50   0   0   0   0   0   0   0   0
    40        0.796     -2.3830E+03   2.2301E+00    0   0   0   0   0   0   0  50   0   0   0   0   0   0   0   0
 
Phase          Frac     <Likelihood> <StdDevLike>   0   1   2   3   4   5   6   7   8   9  10  11  12  13  14  15
Sampling      0.816     -2.3831E+03   1.7630E+00    0   0   0   0   0   0   0  50   0   0   0   0   0   0   0   0
    42        0.837     -2.3836E+03   2.1364E+00    0   0   0   0   0   0   0  50   0   0   0   0   0   0   0   0
    43        0.857     -2.3830E+03   2.1357E+00    0   0   0   0   0   0   0  50   0   0   0   0   0   0   0   0
    44        0.878     -2.3829E+03   1.7315E+00    0   0   0   0   0   0   0  50   0   0   0   0   0   0   0   0
    45        0.898     -2.3831E+03   1.8866E+00    0   0   0   0   0   0   0  50   0   0   0   0   0   0   0   0
    46        0.918     -2.3831E+03   1.8457E+00    0   0   0   0   0   0   0  50   0   0   0   0   0   0   0   0
    47        0.939     -2.3829E+03   2.0233E+00    0   0   0   0   0   0   0  50   0   0   0   0   0   0   0   0
    48        0.959     -2.3832E+03   1.9555E+00    0   0   0   0   0   0   0  50   0   0   0   0   0   0   0   0
    49        0.980     -2.3832E+03   2.0658E+00    0   0   0   0   0   0   0  50   0   0   0   0   0   0   0   0
    50        1.000     -2.3831E+03   1.6453E+00    0   0   0   0   0   0   0  50   0   0   0   0   0   0   0   0
