SunOS

 Poly No.      Moments     (the Legender poloynomials evaluated on the samples, averaged)
    1       -0.36580692
    2       -0.02383251
    3        0.02591972
    4       -0.03011959
    5        0.13178142
    6       -0.13834820
    7        0.03675509
    8        0.06174192
    9       -0.06291578
   10        0.03584476
   11       -0.00984599
   12        0.00224715
   13        0.00702810
   14       -0.00923715
   15        0.00653880
 
Phase       Annl Parm   <Likelihood> <StdDevLike>   0   1   2   3   4   5   6   7   8   9  10  11  12  13  14  15
Annealing    12E-05     -4.3356E+03   4.9813E+03   34  12   2   1   0   1   0   0   0   0   0   0   0   0   0   0
     2       32E-05     -2.8862E+03   1.2803E+03   41   7   2   0   0   0   0   0   0   0   0   0   0   0   0   0
     3        0.001     -2.7609E+03   5.9049E+02   42   6   2   0   0   0   0   0   0   0   0   0   0   0   0   0
     4        0.003     -2.5779E+03   3.2590E+01   45   5   0   0   0   0   0   0   0   0   0   0   0   0   0   0
     5        0.015     -2.5605E+03   4.7114E+01   37  13   0   0   0   0   0   0   0   0   0   0   0   0   0   0
     6        0.025     -2.5437E+03   5.4684E+01   32  17   1   0   0   0   0   0   0   0   0   0   0   0   0   0
     7        0.035     -2.5200E+03   6.2967E+01   25  23   2   0   0   0   0   0   0   0   0   0   0   0   0   0
     8        0.043     -2.4962E+03   6.5272E+01   18  29   3   0   0   0   0   0   0   0   0   0   0   0   0   0
     9        0.052     -2.4807E+03   5.2325E+01   10  36   3   1   0   0   0   0   0   0   0   0   0   0   0   0
    10        0.062     -2.4641E+03   4.0872E+01    5  42   2   1   0   0   0   0   0   0   0   0   0   0   0   0
 
Phase       Annl Parm   <Likelihood> <StdDevLike>   0   1   2   3   4   5   6   7   8   9  10  11  12  13  14  15
Annealing     0.073     -2.4503E+03   1.1293E+01    0  47   2   1   0   0   0   0   0   0   0   0   0   0   0   0
    12        0.089     -2.4495E+03   9.0078E+00    0  48   2   0   0   0   0   0   0   0   0   0   0   0   0   0
    13        0.106     -2.4485E+03   9.4556E+00    0  48   2   0   0   0   0   0   0   0   0   0   0   0   0   0
    14        0.123     -2.4437E+03   1.2360E+01    0  41   6   1   1   1   0   0   0   0   0   0   0   0   0   0
    15        0.139     -2.4410E+03   1.4037E+01    0  36   9   4   0   1   0   0   0   0   0   0   0   0   0   0
    16        0.155     -2.4380E+03   1.3443E+01    0  32  15   2   0   1   0   0   0   0   0   0   0   0   0   0
    17        0.170     -2.4361E+03   1.3836E+01    0  29  19   1   0   1   0   0   0   0   0   0   0   0   0   0
    18        0.186     -2.4334E+03   1.4314E+01    0  25  23   1   0   1   0   0   0   0   0   0   0   0   0   0
    19        0.202     -2.4317E+03   1.4545E+01    0  20  28   1   0   1   0   0   0   0   0   0   0   0   0   0
    20        0.217     -2.4262E+03   1.9984E+01    0  17  30   1   0   2   0   0   0   0   0   0   0   0   0   0
 
Phase       Annl Parm   <Likelihood> <StdDevLike>   0   1   2   3   4   5   6   7   8   9  10  11  12  13  14  15
Annealing     0.231     -2.4230E+03   1.9434E+01    0  12  34   1   0   3   0   0   0   0   0   0   0   0   0   0
    22        0.246     -2.4188E+03   1.9711E+01    0   6  37   2   0   5   0   0   0   0   0   0   0   0   0   0
    23        0.260     -2.4129E+03   1.8596E+01    0   1  39   2   0   8   0   0   0   0   0   0   0   0   0   0
    24        0.275     -2.4108E+03   2.0611E+01    0   0  39   0   0  11   0   0   0   0   0   0   0   0   0   0
    25        0.289     -2.4060E+03   2.3990E+01    0   1  33   0   0  16   0   0   0   0   0   0   0   0   0   0
    26        0.302     -2.3973E+03   2.6615E+01    0   0  29   0   0  21   0   0   0   0   0   0   0   0   0   0
    27        0.315     -2.3895E+03   3.1345E+01    0   1  23   0   0  26   0   0   0   0   0   0   0   0   0   0
    28        0.328     -2.3810E+03   3.3761E+01    0   0  19   0   0  31   0   0   0   0   0   0   0   0   0   0
    29        0.340     -2.3704E+03   3.2195E+01    0   0  14   0   0  36   0   0   0   0   0   0   0   0   0   0
    30        0.352     -2.3569E+03   3.0849E+01    0   0   9   0   0  41   0   0   0   0   0   0   0   0   0   0
 
Phase       Annl Parm   <Likelihood> <StdDevLike>   0   1   2   3   4   5   6   7   8   9  10  11  12  13  14  15
Annealing     0.364     -2.3447E+03   2.4359E+01    0   0   4   0   0  45   0   0   1   0   0   0   0   0   0   0
    32        0.378     -2.3344E+03   1.1078E+01    0   0   0   0   0  49   0   0   1   0   0   0   0   0   0   0
    33        0.394     -2.3311E+03   7.0993E+00    0   0   0   0   0  49   0   0   1   0   0   0   0   0   0   0
    34        0.412     -2.3290E+03   6.4507E+00    0   0   0   0   0  49   0   0   1   0   0   0   0   0   0   0
    35        0.429     -2.3289E+03   6.1959E+00    0   0   0   0   0  49   0   0   1   0   0   0   0   0   0   0
    36        0.447     -2.3287E+03   6.8455E+00    0   0   0   0   0  49   0   0   1   0   0   0   0   0   0   0
    37        0.465     -2.3291E+03   6.7725E+00    0   0   0   0   0  49   0   0   1   0   0   0   0   0   0   0
    38        0.482     -2.3278E+03   5.7223E+00    0   0   0   0   0  49   0   0   1   0   0   0   0   0   0   0
    39        0.500     -2.3283E+03   6.7697E+00    0   0   0   0   0  49   0   0   1   0   0   0   0   0   0   0
    40        0.518     -2.3277E+03   6.9366E+00    0   0   0   0   0  49   0   0   1   0   0   0   0   0   0   0
 
Phase       Annl Parm   <Likelihood> <StdDevLike>   0   1   2   3   4   5   6   7   8   9  10  11  12  13  14  15
Annealing     0.535     -2.3275E+03   7.1922E+00    0   0   0   0   0  49   0   0   1   0   0   0   0   0   0   0
    42        0.553     -2.3278E+03   7.4520E+00    0   0   0   0   0  49   0   0   1   0   0   0   0   0   0   0
    43        0.570     -2.3277E+03   7.5915E+00    0   0   0   0   0  49   0   0   1   0   0   0   0   0   0   0
    44        0.588     -2.3274E+03   7.2815E+00    0   0   0   0   0  49   0   0   1   0   0   0   0   0   0   0
    45        0.605     -2.3271E+03   6.7778E+00    0   0   0   0   0  49   0   0   1   0   0   0   0   0   0   0
    46        0.623     -2.3273E+03   7.3859E+00    0   0   0   0   0  49   0   0   1   0   0   0   0   0   0   0
    47        0.640     -2.3264E+03   7.1267E+00    0   0   0   0   0  49   0   0   1   0   0   0   0   0   0   0
    48        0.658     -2.3266E+03   7.0180E+00    0   0   0   0   0  49   0   0   1   0   0   0   0   0   0   0
    49        0.675     -2.3266E+03   7.1245E+00    0   0   0   0   0  49   0   0   1   0   0   0   0   0   0   0
    50        0.693     -2.3263E+03   6.8877E+00    0   0   0   0   0  49   0   0   1   0   0   0   0   0   0   0
 
Phase       Annl Parm   <Likelihood> <StdDevLike>   0   1   2   3   4   5   6   7   8   9  10  11  12  13  14  15
Annealing     0.710     -2.3267E+03   7.3447E+00    0   0   0   0   0  49   0   0   1   0   0   0   0   0   0   0
    52        0.728     -2.3266E+03   6.2475E+00    0   0   0   0   0  49   0   0   1   0   0   0   0   0   0   0
    53        0.745     -2.3265E+03   6.8146E+00    0   0   0   0   0  49   0   0   1   0   0   0   0   0   0   0
    54        0.763     -2.3260E+03   6.6757E+00    0   0   0   0   0  49   0   0   1   0   0   0   0   0   0   0
    55        0.781     -2.3261E+03   6.6726E+00    0   0   0   0   0  49   0   0   1   0   0   0   0   0   0   0
    56        0.798     -2.3267E+03   7.1066E+00    0   0   0   0   0  49   0   0   1   0   0   0   0   0   0   0
    57        0.816     -2.3261E+03   6.7704E+00    0   0   0   0   0  49   0   0   1   0   0   0   0   0   0   0
    58        0.833     -2.3258E+03   6.9703E+00    0   0   0   0   0  49   0   0   1   0   0   0   0   0   0   0
    59        0.851     -2.3253E+03   6.9181E+00    0   0   0   0   0  49   0   0   1   0   0   0   0   0   0   0
    60        0.869     -2.3259E+03   7.0651E+00    0   0   0   0   0  49   0   0   1   0   0   0   0   0   0   0
 
Phase       Annl Parm   <Likelihood> <StdDevLike>   0   1   2   3   4   5   6   7   8   9  10  11  12  13  14  15
Annealing     0.886     -2.3258E+03   7.2156E+00    0   0   0   0   0  49   0   0   1   0   0   0   0   0   0   0
    62        0.904     -2.3258E+03   7.0216E+00    0   0   0   0   0  49   0   0   1   0   0   0   0   0   0   0
    63        0.921     -2.3257E+03   6.8052E+00    0   0   0   0   0  49   0   0   1   0   0   0   0   0   0   0
    64        0.939     -2.3255E+03   6.8214E+00    0   0   0   0   0  49   0   0   1   0   0   0   0   0   0   0
    65        0.956     -2.3253E+03   6.8428E+00    0   0   0   0   0  49   0   0   1   0   0   0   0   0   0   0
    66        0.974     -2.3253E+03   6.6750E+00    0   0   0   0   0  49   0   0   1   0   0   0   0   0   0   0
    67        0.992     -2.3253E+03   6.8191E+00    0   0   0   0   0  49   0   0   1   0   0   0   0   0   0   0
    68        1.000     -2.3254E+03   6.8104E+00    0   0   0   0   0  49   0   0   1   0   0   0   0   0   0   0
 
 Order Coef    Multiplier      Std. Dev.    No Of Sims
   5     1   -2.257382E+00     1.7073E-01       49
   5     2   -1.454749E+00     1.6699E-01       49
   5     3    1.653887E-01     1.6431E-01       49
   5     4    8.640539E-01     2.0988E-01       49
   5     5    2.404311E+00     1.9841E-01       49

Gathering Samples for 5 Multipliers
 
Phase          Frac     <Likelihood> <StdDevLike>   0   1   2   3   4   5   6   7   8   9  10  11  12  13  14  15
Sampling      0.000     -2.3264E+03   1.3788E+00    0   0   0   0   0  50   0   0   0   0   0   0   0   0   0   0
     2        0.020     -2.3266E+03   2.1178E+00    0   0   0   0   0  50   0   0   0   0   0   0   0   0   0   0
     3        0.041     -2.3270E+03   2.0438E+00    0   0   0   0   0  50   0   0   0   0   0   0   0   0   0   0
     4        0.061     -2.3265E+03   1.8095E+00    0   0   0   0   0  50   0   0   0   0   0   0   0   0   0   0
     5        0.082     -2.3265E+03   1.5358E+00    0   0   0   0   0  50   0   0   0   0   0   0   0   0   0   0
     6        0.102     -2.3263E+03   1.7033E+00    0   0   0   0   0  50   0   0   0   0   0   0   0   0   0   0
     7        0.122     -2.3266E+03   1.4647E+00    0   0   0   0   0  50   0   0   0   0   0   0   0   0   0   0
     8        0.143     -2.3269E+03   1.6847E+00    0   0   0   0   0  50   0   0   0   0   0   0   0   0   0   0
     9        0.163     -2.3264E+03   1.1964E+00    0   0   0   0   0  50   0   0   0   0   0   0   0   0   0   0
    10        0.184     -2.3263E+03   1.4475E+00    0   0   0   0   0  50   0   0   0   0   0   0   0   0   0   0
 
Phase          Frac     <Likelihood> <StdDevLike>   0   1   2   3   4   5   6   7   8   9  10  11  12  13  14  15
Sampling      0.204     -2.3268E+03   1.6259E+00    0   0   0   0   0  50   0   0   0   0   0   0   0   0   0   0
    12        0.224     -2.3265E+03   1.1935E+00    0   0   0   0   0  50   0   0   0   0   0   0   0   0   0   0
    13        0.245     -2.3266E+03   1.5992E+00    0   0   0   0   0  50   0   0   0   0   0   0   0   0   0   0
    14        0.265     -2.3266E+03   1.8590E+00    0   0   0   0   0  50   0   0   0   0   0   0   0   0   0   0
    15        0.286     -2.3267E+03   1.7135E+00    0   0   0   0   0  50   0   0   0   0   0   0   0   0   0   0
    16        0.306     -2.3266E+03   1.6528E+00    0   0   0   0   0  50   0   0   0   0   0   0   0   0   0   0
    17        0.327     -2.3264E+03   1.4188E+00    0   0   0   0   0  50   0   0   0   0   0   0   0   0   0   0
    18        0.347     -2.3263E+03   1.3276E+00    0   0   0   0   0  50   0   0   0   0   0   0   0   0   0   0
    19        0.367     -2.3264E+03   1.2561E+00    0   0   0   0   0  50   0   0   0   0   0   0   0   0   0   0
    20        0.388     -2.3264E+03   1.5476E+00    0   0   0   0   0  50   0   0   0   0   0   0   0   0   0   0
 
Phase          Frac     <Likelihood> <StdDevLike>   0   1   2   3   4   5   6   7   8   9  10  11  12  13  14  15
Sampling      0.408     -2.3263E+03   1.2227E+00    0   0   0   0   0  50   0   0   0   0   0   0   0   0   0   0
    22        0.429     -2.3267E+03   1.4778E+00    0   0   0   0   0  50   0   0   0   0   0   0   0   0   0   0
    23        0.449     -2.3264E+03   1.6284E+00    0   0   0   0   0  50   0   0   0   0   0   0   0   0   0   0
    24        0.469     -2.3267E+03   1.5867E+00    0   0   0   0   0  50   0   0   0   0   0   0   0   0   0   0
    25        0.490     -2.3269E+03   1.6698E+00    0   0   0   0   0  50   0   0   0   0   0   0   0   0   0   0
    26        0.510     -2.3266E+03   1.4738E+00    0   0   0   0   0  50   0   0   0   0   0   0   0   0   0   0
    27        0.531     -2.3267E+03   1.6007E+00    0   0   0   0   0  50   0   0   0   0   0   0   0   0   0   0
    28        0.551     -2.3266E+03   1.6479E+00    0   0   0   0   0  50   0   0   0   0   0   0   0   0   0   0
    29        0.571     -2.3266E+03   1.5231E+00    0   0   0   0   0  50   0   0   0   0   0   0   0   0   0   0
    30        0.592     -2.3265E+03   1.3852E+00    0   0   0   0   0  50   0   0   0   0   0   0   0   0   0   0
 
Phase          Frac     <Likelihood> <StdDevLike>   0   1   2   3   4   5   6   7   8   9  10  11  12  13  14  15
Sampling      0.612     -2.3262E+03   1.5689E+00    0   0   0   0   0  50   0   0   0   0   0   0   0   0   0   0
    32        0.633     -2.3268E+03   1.4140E+00    0   0   0   0   0  50   0   0   0   0   0   0   0   0   0   0
    33        0.653     -2.3267E+03   2.0818E+00    0   0   0   0   0  50   0   0   0   0   0   0   0   0   0   0
    34        0.673     -2.3268E+03   1.6929E+00    0   0   0   0   0  50   0   0   0   0   0   0   0   0   0   0
    35        0.694     -2.3266E+03   1.8706E+00    0   0   0   0   0  50   0   0   0   0   0   0   0   0   0   0
    36        0.714     -2.3268E+03   1.4933E+00    0   0   0   0   0  50   0   0   0   0   0   0   0   0   0   0
    37        0.735     -2.3265E+03   1.5098E+00    0   0   0   0   0  50   0   0   0   0   0   0   0   0   0   0
    38        0.755     -2.3268E+03   1.6513E+00    0   0   0   0   0  50   0   0   0   0   0   0   0   0   0   0
    39        0.776     -2.3262E+03   1.2857E+00    0   0   0   0   0  50   0   0   0   0   0   0   0   0   0   0
    40        0.796     -2.3264E+03   1.6932E+00    0   0   0   0   0  50   0   0   0   0   0   0   0   0   0   0
 
Phase          Frac     <Likelihood> <StdDevLike>   0   1   2   3   4   5   6   7   8   9  10  11  12  13  14  15
Sampling      0.816     -2.3266E+03   1.7213E+00    0   0   0   0   0  50   0   0   0   0   0   0   0   0   0   0
    42        0.837     -2.3266E+03   1.2338E+00    0   0   0   0   0  50   0   0   0   0   0   0   0   0   0   0
    43        0.857     -2.3264E+03   1.3681E+00    0   0   0   0   0  50   0   0   0   0   0   0   0   0   0   0
    44        0.878     -2.3261E+03   1.0148E+00    0   0   0   0   0  50   0   0   0   0   0   0   0   0   0   0
    45        0.898     -2.3265E+03   1.5308E+00    0   0   0   0   0  50   0   0   0   0   0   0   0   0   0   0
    46        0.918     -2.3264E+03   1.4995E+00    0   0   0   0   0  50   0   0   0   0   0   0   0   0   0   0
    47        0.939     -2.3266E+03   1.5288E+00    0   0   0   0   0  50   0   0   0   0   0   0   0   0   0   0
    48        0.959     -2.3266E+03   1.2344E+00    0   0   0   0   0  50   0   0   0   0   0   0   0   0   0   0
    49        0.980     -2.3265E+03   1.5907E+00    0   0   0   0   0  50   0   0   0   0   0   0   0   0   0   0
    50        1.000     -2.3262E+03   1.4732E+00    0   0   0   0   0  50   0   0   0   0   0   0   0   0   0   0

Gathering Samples for 8 Multipliers
 
Phase          Frac     <Likelihood> <StdDevLike>   0   1   2   3   4   5   6   7   8   9  10  11  12  13  14  15
Sampling      0.000     -2.2797E+03   2.5717E+00    0   0   0   0   0   0   0   0  50   0   0   0   0   0   0   0
     2        0.020     -2.2795E+03   1.7814E+00    0   0   0   0   0   0   0   0  50   0   0   0   0   0   0   0
     3        0.041     -2.2788E+03   2.0533E+00    0   0   0   0   0   0   0   0  50   0   0   0   0   0   0   0
     4        0.061     -2.2795E+03   2.0717E+00    0   0   0   0   0   0   0   0  50   0   0   0   0   0   0   0
     5        0.082     -2.2793E+03   2.0501E+00    0   0   0   0   0   0   0   0  50   0   0   0   0   0   0   0
     6        0.102     -2.2794E+03   2.3752E+00    0   0   0   0   0   0   0   0  50   0   0   0   0   0   0   0
     7        0.122     -2.2788E+03   1.9121E+00    0   0   0   0   0   0   0   0  50   0   0   0   0   0   0   0
     8        0.143     -2.2793E+03   1.9067E+00    0   0   0   0   0   0   0   0  50   0   0   0   0   0   0   0
     9        0.163     -2.2793E+03   1.8661E+00    0   0   0   0   0   0   0   0  50   0   0   0   0   0   0   0
    10        0.184     -2.2787E+03   1.7414E+00    0   0   0   0   0   0   0   0  50   0   0   0   0   0   0   0
 
Phase          Frac     <Likelihood> <StdDevLike>   0   1   2   3   4   5   6   7   8   9  10  11  12  13  14  15
Sampling      0.204     -2.2790E+03   1.7534E+00    0   0   0   0   0   0   0   0  50   0   0   0   0   0   0   0
    12        0.224     -2.2799E+03   2.1669E+00    0   0   0   0   0   0   0   0  50   0   0   0   0   0   0   0
    13        0.245     -2.2795E+03   2.3849E+00    0   0   0   0   0   0   0   0  50   0   0   0   0   0   0   0
    14        0.265     -2.2793E+03   1.8611E+00    0   0   0   0   0   0   0   0  50   0   0   0   0   0   0   0
    15        0.286     -2.2788E+03   1.4419E+00    0   0   0   0   0   0   0   0  50   0   0   0   0   0   0   0
    16        0.306     -2.2793E+03   1.7397E+00    0   0   0   0   0   0   0   0  50   0   0   0   0   0   0   0
    17        0.327     -2.2791E+03   1.8899E+00    0   0   0   0   0   0   0   0  50   0   0   0   0   0   0   0
    18        0.347     -2.2787E+03   1.7602E+00    0   0   0   0   0   0   0   0  50   0   0   0   0   0   0   0
    19        0.367     -2.2792E+03   2.0405E+00    0   0   0   0   0   0   0   0  50   0   0   0   0   0   0   0
    20        0.388     -2.2795E+03   2.1049E+00    0   0   0   0   0   0   0   0  50   0   0   0   0   0   0   0
 
Phase          Frac     <Likelihood> <StdDevLike>   0   1   2   3   4   5   6   7   8   9  10  11  12  13  14  15
Sampling      0.408     -2.2793E+03   2.3178E+00    0   0   0   0   0   0   0   0  50   0   0   0   0   0   0   0
    22        0.429     -2.2789E+03   1.8579E+00    0   0   0   0   0   0   0   0  50   0   0   0   0   0   0   0
    23        0.449     -2.2793E+03   1.9266E+00    0   0   0   0   0   0   0   0  50   0   0   0   0   0   0   0
    24        0.469     -2.2793E+03   2.4636E+00    0   0   0   0   0   0   0   0  50   0   0   0   0   0   0   0
    25        0.490     -2.2795E+03   2.2143E+00    0   0   0   0   0   0   0   0  50   0   0   0   0   0   0   0
    26        0.510     -2.2790E+03   1.7931E+00    0   0   0   0   0   0   0   0  50   0   0   0   0   0   0   0
    27        0.531     -2.2798E+03   2.1479E+00    0   0   0   0   0   0   0   0  50   0   0   0   0   0   0   0
    28        0.551     -2.2798E+03   2.9078E+00    0   0   0   0   0   0   0   0  50   0   0   0   0   0   0   0
    29        0.571     -2.2792E+03   2.1939E+00    0   0   0   0   0   0   0   0  50   0   0   0   0   0   0   0
    30        0.592     -2.2791E+03   1.7869E+00    0   0   0   0   0   0   0   0  50   0   0   0   0   0   0   0
 
Phase          Frac     <Likelihood> <StdDevLike>   0   1   2   3   4   5   6   7   8   9  10  11  12  13  14  15
Sampling      0.612     -2.2789E+03   2.1204E+00    0   0   0   0   0   0   0   0  50   0   0   0   0   0   0   0
    32        0.633     -2.2787E+03   1.6001E+00    0   0   0   0   0   0   0   0  50   0   0   0   0   0   0   0
    33        0.653     -2.2795E+03   1.8537E+00    0   0   0   0   0   0   0   0  50   0   0   0   0   0   0   0
    34        0.673     -2.2789E+03   1.7126E+00    0   0   0   0   0   0   0   0  50   0   0   0   0   0   0   0
    35        0.694     -2.2786E+03   1.8597E+00    0   0   0   0   0   0   0   0  50   0   0   0   0   0   0   0
    36        0.714     -2.2791E+03   1.5579E+00    0   0   0   0   0   0   0   0  50   0   0   0   0   0   0   0
    37        0.735     -2.2797E+03   2.3604E+00    0   0   0   0   0   0   0   0  50   0   0   0   0   0   0   0
    38        0.755     -2.2791E+03   2.0672E+00    0   0   0   0   0   0   0   0  50   0   0   0   0   0   0   0
    39        0.776     -2.2796E+03   1.9435E+00    0   0   0   0   0   0   0   0  50   0   0   0   0   0   0   0
    40        0.796     -2.2795E+03   2.0692E+00    0   0   0   0   0   0   0   0  50   0   0   0   0   0   0   0
 
Phase          Frac     <Likelihood> <StdDevLike>   0   1   2   3   4   5   6   7   8   9  10  11  12  13  14  15
Sampling      0.816     -2.2796E+03   1.9144E+00    0   0   0   0   0   0   0   0  50   0   0   0   0   0   0   0
    42        0.837     -2.2796E+03   2.1113E+00    0   0   0   0   0   0   0   0  50   0   0   0   0   0   0   0
    43        0.857     -2.2791E+03   2.1163E+00    0   0   0   0   0   0   0   0  50   0   0   0   0   0   0   0
    44        0.878     -2.2786E+03   1.7176E+00    0   0   0   0   0   0   0   0  50   0   0   0   0   0   0   0
    45        0.898     -2.2792E+03   1.9016E+00    0   0   0   0   0   0   0   0  50   0   0   0   0   0   0   0
    46        0.918     -2.2787E+03   1.6399E+00    0   0   0   0   0   0   0   0  50   0   0   0   0   0   0   0
    47        0.939     -2.2790E+03   1.7563E+00    0   0   0   0   0   0   0   0  50   0   0   0   0   0   0   0
    48        0.959     -2.2789E+03   1.7866E+00    0   0   0   0   0   0   0   0  50   0   0   0   0   0   0   0
    49        0.980     -2.2791E+03   1.4889E+00    0   0   0   0   0   0   0   0  50   0   0   0   0   0   0   0
    50        1.000     -2.2791E+03   2.2128E+00    0   0   0   0   0   0   0   0  50   0   0   0   0   0   0   0
